<?xml version="1.0" encoding="UTF-8"?>
<!-- Generated by org.testng.reporters.JUnitXMLReporter -->
<testsuite hostname="pace-OptiPlex-360" ignored="1" name="Test" tests="5" failures="0" timestamp="17 Aug 2017 09:21:31 GMT" time="63.035" errors="0">
  <testcase name="validate" time="0.087" classname="Academy.Validations"/>
  <testcase name="clickLoginbtn" time="17.526" classname="Academy.HomePage"/>
  <testcase name="loginElements" time="9.842" classname="Academy.HomePage"/>
  <testcase name="loginElements" time="0.257" classname="Academy.HomePage"/>
  <testcase name="testApp" time="0.001" classname="Academy.AppTest"/>
  <testcase name="invaliddata" time="0.0" classname="Academy.HomePage">
    <ignored/>
  </testcase> <!-- invaliddata -->
</testsuite> <!-- Test -->
