<?xml version="1.0" encoding="UTF-8"?>
<!-- Generated by org.testng.reporters.JUnitXMLReporter -->
<testsuite hostname="pace-OptiPlex-360" ignored="1" name="HomePage Login Test" tests="2" failures="0" timestamp="17 Aug 2017 11:08:41 GMT" time="38.032" errors="0">
  <testcase name="clickLoginbtn" time="12.434" classname="Academy.HomePage"/>
  <testcase name="loginElements" time="7.592" classname="Academy.HomePage"/>
  <testcase name="invaliddata" time="0.0" classname="Academy.HomePage">
    <ignored/>
  </testcase> <!-- invaliddata -->
</testsuite> <!-- HomePage Login Test -->
