<?xml version="1.0" encoding="UTF-8"?>
<testng-results skipped="0" failed="0" ignored="0" total="1" passed="1">
  <reporter-output>
  </reporter-output>
  <suite name="Default suite" duration-ms="12072" started-at="2017-08-17T04:53:47Z" finished-at="2017-08-17T04:53:59Z">
    <groups>
    </groups>
    <test name="Default test" duration-ms="12072" started-at="2017-08-17T04:53:47Z" finished-at="2017-08-17T04:53:59Z">
      <class name="Academy.HomePage">
        <test-method status="PASS" signature="basePagenavigation()[pri:0, instance:Academy.HomePage@7dc7cbad]" name="basePagenavigation" duration-ms="12050" started-at="2017-08-17T10:23:47Z" finished-at="2017-08-17T10:23:59Z">
          <reporter-output>
          </reporter-output>
        </test-method> <!-- basePagenavigation -->
      </class> <!-- Academy.HomePage -->
    </test> <!-- Default test -->
  </suite> <!-- Default suite -->
</testng-results>
